Target: 8


0	0	0	0	0	0	0	6	65	74	
0	0	0	72	49	60	0	0	0	12	
0	0	0	0	0	14	0	0	0	0	
0	0	0	0	0	0	46	46	69	0	
0	0	0	66	0	0	0	0	66	0	
0	69	0	0	0	65	0	74	0	58	
0	42	0	0	69	65	98	15	0	0	
0	0	0	68	0	0	58	0	0	0	
0	42	46	0	12	0	0	0	12	0	
6	98	0	0	0	3	7	0	0	0	

Cost 0: 277
Path: 0 7 3 6 1 4 8 
Cost 0: 255
Path: 0 7 3 6 4 8 
Cost 0: 369
Path: 0 7 3 6 5 1 4 8 
Cost 0: 456
Path: 0 7 3 6 5 9 1 4 8 
Cost 0: 143
Path: 0 7 3 8 
Cost 0: 247
Path: 0 7 6 1 3 8 
Cost 0: 290
Path: 0 7 6 1 4 3 8 
Cost 0: 221
Path: 0 7 6 1 4 8 
Cost 0: 268
Path: 0 7 6 4 3 8 
Cost 0: 199
Path: 0 7 6 4 8 
Cost 0: 339
Path: 0 7 6 5 1 3 8 
Cost 0: 382
Path: 0 7 6 5 1 4 3 8 
Cost 0: 313
Path: 0 7 6 5 1 4 8 
Cost 0: 426
Path: 0 7 6 5 9 1 3 8 
Cost 0: 469
Path: 0 7 6 5 9 1 4 3 8 
Cost 0: 400
Path: 0 7 6 5 9 1 4 8 
Cost 0: 65
Path: 0 8 
Cost 0: 425
Path: 0 9 1 3 6 4 8 
Cost 0: 483
Path: 0 9 1 3 7 6 4 8 
Cost 0: 313
Path: 0 9 1 3 8 
Cost 0: 356
Path: 0 9 1 4 3 8 
Cost 0: 287
Path: 0 9 1 4 8 
Cost 0: 555
Path: 0 9 1 5 7 3 6 4 8 
Cost 0: 443
Path: 0 9 1 5 7 3 8 
Cost 0: 568
Path: 0 9 1 5 7 6 4 3 8 
Cost 0: 499
Path: 0 9 1 5 7 6 4 8 
Cost 0: 399
Path: 0 9 5 1 3 6 4 8 
Cost 0: 457
Path: 0 9 5 1 3 7 6 4 8 
Cost 0: 287
Path: 0 9 5 1 3 8 
Cost 0: 330
Path: 0 9 5 1 4 3 8 
Cost 0: 261
Path: 0 9 5 1 4 8 
Cost 0: 422
Path: 0 9 5 7 3 6 1 4 8 
Cost 0: 400
Path: 0 9 5 7 3 6 4 8 
Cost 0: 288
Path: 0 9 5 7 3 8 
Cost 0: 392
Path: 0 9 5 7 6 1 3 8 
Cost 0: 435
Path: 0 9 5 7 6 1 4 3 8 
Cost 0: 366
Path: 0 9 5 7 6 1 4 8 
Cost 0: 413
Path: 0 9 5 7 6 4 3 8 
Cost 0: 344
Path: 0 9 5 7 6 4 8 
Cost 0: 264
Path: 0 9 6 1 3 8 
Cost 0: 307
Path: 0 9 6 1 4 3 8 
Cost 0: 238
Path: 0 9 6 1 4 8 
Cost 0: 394
Path: 0 9 6 1 5 7 3 8 
Cost 0: 285
Path: 0 9 6 4 3 8 
Cost 0: 216
Path: 0 9 6 4 8 
Cost 0: 356
Path: 0 9 6 5 1 3 8 
Cost 0: 399
Path: 0 9 6 5 1 4 3 8 
Cost 0: 330
Path: 0 9 6 5 1 4 8 
Cost 0: 357
Path: 0 9 6 5 7 3 8 
Cost 0: 233
Path: 0 9 6 7 3 8 
Choise: Tem marmita!

